\BOOKMARK [1][-]{section.1}{Major Revision History}{}% 1
\BOOKMARK [1][-]{section.2}{Introduction}{}% 2
\BOOKMARK [2][-]{subsection.2.1}{Overview}{section.2}% 3
\BOOKMARK [2][-]{subsection.2.2}{Context}{section.2}% 4
\BOOKMARK [2][-]{subsection.2.3}{Design Principles}{section.2}% 5
\BOOKMARK [2][-]{subsection.2.4}{Document Structure}{section.2}% 6
\BOOKMARK [1][-]{section.3}{Anticipated and Unlikely Changes}{}% 7
\BOOKMARK [2][-]{subsection.3.1}{Anticipated Changes}{section.3}% 8
\BOOKMARK [2][-]{subsection.3.2}{Unlikely Changes}{section.3}% 9
\BOOKMARK [1][-]{section.4}{Module Hierarchy}{}% 10
\BOOKMARK [1][-]{section.5}{Connection Between Requirements and Design}{}% 11
\BOOKMARK [1][-]{section.6}{Module Decomposition}{}% 12
\BOOKMARK [2][-]{subsection.6.1}{Hardware Hiding Modules M1}{section.6}% 13
\BOOKMARK [2][-]{subsection.6.2}{Behaviour-Hiding Module}{section.6}% 14
\BOOKMARK [3][-]{subsubsection.6.2.1}{Index Module M7}{subsection.6.2}% 15
\BOOKMARK [3][-]{subsubsection.6.2.2}{Sign in Module M4}{subsection.6.2}% 16
\BOOKMARK [3][-]{subsubsection.6.2.3}{Sign up Module M3}{subsection.6.2}% 17
\BOOKMARK [3][-]{subsubsection.6.2.4}{Login Module M2}{subsection.6.2}% 18
\BOOKMARK [2][-]{subsection.6.3}{Software Decision Module}{section.6}% 19
\BOOKMARK [3][-]{subsubsection.6.3.1}{App Module M6}{subsection.6.3}% 20
\BOOKMARK [3][-]{subsubsection.6.3.2}{Chat Module M5}{subsection.6.3}% 21
\BOOKMARK [1][-]{section.7}{Traceability Matrix}{}% 22
\BOOKMARK [1][-]{section.8}{Use Hierarchy Between Modules}{}% 23
